<?xml version="1.0" encoding="UTF-8"?>
<!-- Generated by org.testng.reporters.JUnitReportReporter -->
<testsuite skipped="0" hostname="DESKTOP-1LPECR8" name="RegressionTests.propertiesNewTest" tests="1" failures="0" timestamp="2021-11-28T11:49:30 EST" time="1.715" errors="0">
  <testcase name="f" time="1.715" classname="RegressionTests.propertiesNewTest"/>
  <system-out/>
</testsuite> <!-- RegressionTests.propertiesNewTest -->
