<?xml version="1.0" encoding="UTF-8"?>
<!-- Generated by org.testng.reporters.JUnitReportReporter -->
<testsuite skipped="0" hostname="DESKTOP-1LPECR8" name="RegressionTests.NewTest" tests="1" failures="0" timestamp="2021-11-27T13:09:59 EST" time="0.609" errors="0">
  <testcase name="f" time="0.609" classname="RegressionTests.NewTest"/>
  <system-out/>
</testsuite> <!-- RegressionTests.NewTest -->
